<?xml version="1.0" encoding="UTF-8"?>
<!-- Generated by org.testng.reporters.JUnitXMLReporter -->
<testsuite ignored="0" hostname="Krishna" failures="0" tests="9" name="Test2" time="0.074" errors="0" timestamp="2022-08-14T12:03:41 IST">
  <testcase classname="training.testng.NewTest" name="firstTest" time="0.006"/>
  <testcase classname="training.testng.NewTest" name="secondTest" time="0.001"/>
  <testcase classname="training.testng.NewTest" name="thirdTest" time="0.001"/>
  <testcase classname="training.testng.SecondTest" name="testOne" time="0.002"/>
  <testcase classname="training.testng.SecondTest" name="testTwo" time="0.001"/>
  <testcase classname="training.testng.SecondTest" name="thirdThree" time="0.001"/>
  <testcase classname="training.testng.ThirdTest" name="testOne" time="0.001"/>
  <testcase classname="training.testng.ThirdTest" name="testTwo" time="0.0"/>
  <testcase classname="training.testng.ThirdTest" name="thirdThree" time="0.001"/>
</testsuite> <!-- Test2 -->
