<?xml version="1.0" encoding="UTF-8"?>
<!-- Generated by org.testng.reporters.JUnitXMLReporter -->
<testsuite ignored="0" hostname="Krishna" failures="0" tests="3" name="Default test" time="0.057" errors="0" timestamp="2022-08-14T11:24:24 IST">
  <testcase classname="training.testng.NewTest" name="firstTest" time="0.005"/>
  <testcase classname="training.testng.NewTest" name="secondTest" time="0.001"/>
  <testcase classname="training.testng.NewTest" name="thirdTest" time="0.001"/>
</testsuite> <!-- Default test -->
