<?xml version="1.0" encoding="UTF-8"?>
<!-- Generated by org.testng.reporters.JUnitXMLReporter -->
<testsuite ignored="0" hostname="Krishna" failures="0" tests="6" name="Test1" time="0.063" errors="0" timestamp="2022-08-14T11:57:30 IST">
  <testcase classname="training.testng.NewTest" name="firstTest" time="0.004"/>
  <testcase classname="training.testng.NewTest" name="secondTest" time="0.001"/>
  <testcase classname="training.testng.NewTest" name="thirdTest" time="0.001"/>
  <testcase classname="training.testng.SecondTest" name="testOne" time="0.001"/>
  <testcase classname="training.testng.SecondTest" name="testTwo" time="0.001"/>
  <testcase classname="training.testng.SecondTest" name="thirdThree" time="0.001"/>
</testsuite> <!-- Test1 -->
